<?xml version="1.0" encoding="UTF-8"?>
<!-- Generated by org.testng.reporters.JUnitXMLReporter -->
<testsuite ignored="0" hostname="DESKTOP-90LP3GB" failures="0" tests="4" name="Test" time="122.828" errors="0" timestamp="2024-09-18T18:02:47 IST">
  <testcase classname="com.testpackage.Homepage" name="RegionTest" time="9.562"/>
  <testcase classname="com.testpackage.Homepage" name="Login" time="22.498"/>
  <testcase classname="com.testpackage.PLPTestPage" name="PLP" time="22.059"/>
  <testcase classname="com.testpackage.Login" name="Registration" time="16.871"/>
</testsuite> <!-- Test -->
