<?xml version="1.0" encoding="UTF-8"?>
<testng-results ignored="0" total="4" passed="4" failed="0" skipped="0">
  <reporter-output>
    <line>
      <![CDATA[Log Info: Setting upthe Browser]]>
    </line>
    <line>
      <![CDATA[Log Info : Browser is up and running]]>
    </line>
    <line>
      <![CDATA[Browser closed]]>
    </line>
    <line>
      <![CDATA[Log Info: Setting upthe Browser]]>
    </line>
    <line>
      <![CDATA[Log Info : Browser is up and running]]>
    </line>
    <line>
      <![CDATA[Browser closed]]>
    </line>
    <line>
      <![CDATA[Log Info: Setting upthe Browser]]>
    </line>
    <line>
      <![CDATA[Log Info : Browser is up and running]]>
    </line>
    <line>
      <![CDATA[Dashboard reported]]>
    </line>
    <line>
      <![CDATA[Dashboard reported]]>
    </line>
    <line>
      <![CDATA[Browser closed]]>
    </line>
  </reporter-output>
  <suite started-at="2024-09-18T18:00:44 IST" name="Suite" finished-at="2024-09-18T18:02:47 IST" duration-ms="122828">
    <groups>
    </groups>
    <test started-at="2024-09-18T18:00:44 IST" name="Test" finished-at="2024-09-18T18:02:47 IST" duration-ms="122828">
      <class name="com.testpackage.Login">
        <test-method is-config="true" signature="setup()[pri:0, instance:com.testpackage.Login@10cf09e8]" started-at="2024-09-18T18:02:17 IST" name="setup" finished-at="2024-09-18T18:02:29 IST" duration-ms="12509" status="PASS">
          <reporter-output>
            <line>
              <![CDATA[Log Info: Setting upthe Browser]]>
            </line>
            <line>
              <![CDATA[Log Info : Browser is up and running]]>
            </line>
          </reporter-output>
        </test-method> <!-- setup -->
        <test-method signature="Registration(java.lang.String,java.lang.String,java.lang.String,java.lang.String,java.lang.String)[pri:0, instance:com.testpackage.Login@10cf09e8]" started-at="2024-09-18T18:02:29 IST" name="Registration" data-provider="TestingData" finished-at="2024-09-18T18:02:46 IST" duration-ms="16871" status="PASS">
          <params>
            <param index="0">
              <value>
                <![CDATA[Jyothi]]>
              </value>
            </param>
            <param index="1">
              <value>
                <![CDATA[Reddy]]>
              </value>
            </param>
            <param index="2">
              <value>
                <![CDATA[jyothi.reddy+2008apac@borngroup.com]]>
              </value>
            </param>
            <param index="3">
              <value>
                <![CDATA[Jyothi@12]]>
              </value>
            </param>
            <param index="4">
              <value>
                <![CDATA[Jyothi@12]]>
              </value>
            </param>
          </params>
          <reporter-output>
            <line>
              <![CDATA[Dashboard reported]]>
            </line>
            <line>
              <![CDATA[Dashboard reported]]>
            </line>
          </reporter-output>
        </test-method> <!-- Registration -->
        <test-method is-config="true" signature="tearDown()[pri:0, instance:com.testpackage.Login@10cf09e8]" started-at="2024-09-18T18:02:47 IST" name="tearDown" finished-at="2024-09-18T18:02:47 IST" duration-ms="143" status="PASS">
          <reporter-output>
            <line>
              <![CDATA[Browser closed]]>
            </line>
          </reporter-output>
        </test-method> <!-- tearDown -->
      </class> <!-- com.testpackage.Login -->
      <class name="com.testpackage.Homepage">
        <test-method is-config="true" signature="setup()[pri:0, instance:com.testpackage.Homepage@6eb2384f]" started-at="2024-09-18T18:00:44 IST" name="setup" finished-at="2024-09-18T18:01:06 IST" duration-ms="21663" status="PASS">
          <reporter-output>
            <line>
              <![CDATA[Log Info: Setting upthe Browser]]>
            </line>
            <line>
              <![CDATA[Log Info : Browser is up and running]]>
            </line>
          </reporter-output>
        </test-method> <!-- setup -->
        <test-method signature="RegionTest(java.lang.String)[pri:1, instance:com.testpackage.Homepage@6eb2384f]" started-at="2024-09-18T18:01:06 IST" name="RegionTest" data-provider="Search" finished-at="2024-09-18T18:01:16 IST" duration-ms="9562" status="PASS">
          <params>
            <param index="0">
              <value>
                <![CDATA[diode]]>
              </value>
            </param>
          </params>
          <reporter-output>
          </reporter-output>
        </test-method> <!-- RegionTest -->
        <test-method signature="Login(java.lang.String,java.lang.String)[pri:2, instance:com.testpackage.Homepage@6eb2384f]" started-at="2024-09-18T18:01:16 IST" name="Login" data-provider="logindata" finished-at="2024-09-18T18:01:39 IST" duration-ms="22498" status="PASS">
          <params>
            <param index="0">
              <value>
                <![CDATA[jyothi.reddy+2008@borngroup.com]]>
              </value>
            </param>
            <param index="1">
              <value>
                <![CDATA[Jyothi@12]]>
              </value>
            </param>
          </params>
          <reporter-output>
          </reporter-output>
        </test-method> <!-- Login -->
        <test-method is-config="true" signature="tearDown()[pri:0, instance:com.testpackage.Homepage@6eb2384f]" started-at="2024-09-18T18:01:40 IST" name="tearDown" finished-at="2024-09-18T18:01:40 IST" duration-ms="160" status="PASS">
          <reporter-output>
            <line>
              <![CDATA[Browser closed]]>
            </line>
          </reporter-output>
        </test-method> <!-- tearDown -->
      </class> <!-- com.testpackage.Homepage -->
      <class name="com.testpackage.PLPTestPage">
        <test-method is-config="true" signature="setup()[pri:0, instance:com.testpackage.PLPTestPage@40db2a24]" started-at="2024-09-18T18:01:40 IST" name="setup" finished-at="2024-09-18T18:01:54 IST" duration-ms="13820" status="PASS">
          <reporter-output>
            <line>
              <![CDATA[Log Info: Setting upthe Browser]]>
            </line>
            <line>
              <![CDATA[Log Info : Browser is up and running]]>
            </line>
          </reporter-output>
        </test-method> <!-- setup -->
        <test-method signature="PLP()[pri:0, instance:com.testpackage.PLPTestPage@40db2a24]" started-at="2024-09-18T18:01:54 IST" name="PLP" finished-at="2024-09-18T18:02:16 IST" duration-ms="22059" status="PASS">
          <reporter-output>
          </reporter-output>
        </test-method> <!-- PLP -->
        <test-method is-config="true" signature="tearDown()[pri:0, instance:com.testpackage.PLPTestPage@40db2a24]" started-at="2024-09-18T18:02:17 IST" name="tearDown" finished-at="2024-09-18T18:02:17 IST" duration-ms="144" status="PASS">
          <reporter-output>
            <line>
              <![CDATA[Browser closed]]>
            </line>
          </reporter-output>
        </test-method> <!-- tearDown -->
      </class> <!-- com.testpackage.PLPTestPage -->
    </test> <!-- Test -->
  </suite> <!-- Suite -->
</testng-results>
